\BOOKMARK [0][-]{chapter.1}{Introduzione}{}% 1
\BOOKMARK [1][-]{section.1.1}{Contributo}{chapter.1}% 2
\BOOKMARK [1][-]{section.1.2}{Struttura}{chapter.1}% 3
\BOOKMARK [1][-]{section.1.3}{Introduzione ai Sistemi Real-Time}{chapter.1}% 4
\BOOKMARK [2][-]{subsection.1.3.1}{Workload}{section.1.3}% 5
\BOOKMARK [2][-]{subsection.1.3.2}{Le risorse}{section.1.3}% 6
\BOOKMARK [2][-]{subsection.1.3.3}{Scheduler}{section.1.3}% 7
\BOOKMARK [1][-]{section.1.4}{Real-time scheduling in sistemi multiprocessor}{chapter.1}% 8
\BOOKMARK [1][-]{section.1.5}{Real-Time Locking Protocols}{chapter.1}% 9
\BOOKMARK [1][-]{section.1.6}{Single processor Protocols}{chapter.1}% 10
\BOOKMARK [1][-]{section.1.7}{Multiprocessor Locking Protocols}{chapter.1}% 11
\BOOKMARK [2][-]{subsection.1.7.1}{DPCP e MPCP}{section.1.7}% 12
\BOOKMARK [2][-]{subsection.1.7.2}{MSRP}{section.1.7}% 13
\BOOKMARK [2][-]{subsection.1.7.3}{FMLP}{section.1.7}% 14
\BOOKMARK [2][-]{subsection.1.7.4}{Helping protocol}{section.1.7}% 15
\BOOKMARK [1][-]{section.1.8}{O\(m\) Independence-preserving Protocol}{chapter.1}% 16
\BOOKMARK [1][-]{section.1.9}{Multiprocessor Resource Sharing Protocol}{chapter.1}% 17
\BOOKMARK [1][-]{section.1.10}{Ambiente LITMUSRT}{chapter.1}% 18
\BOOKMARK [2][-]{subsection.1.10.1}{Lo scheduler Linux}{section.1.10}% 19
\BOOKMARK [2][-]{subsection.1.10.2}{Panoramica dell'architettura}{section.1.10}% 20
\BOOKMARK [2][-]{subsection.1.10.3}{Astrazione del dominio real-time}{section.1.10}% 21
\BOOKMARK [0][-]{chapter.2}{Implementazione proposta}{}% 22
\BOOKMARK [1][-]{section.2.1}{Problematiche di progettazione}{chapter.2}% 23
\BOOKMARK [1][-]{section.2.2}{Strutture dati}{chapter.2}% 24
\BOOKMARK [1][-]{section.2.3}{Algoritmo e implementazione}{chapter.2}% 25
\BOOKMARK [2][-]{subsection.2.3.1}{Inizializzazione}{section.2.3}% 26
\BOOKMARK [2][-]{subsection.2.3.2}{Gestione della coda}{section.2.3}% 27
\BOOKMARK [2][-]{subsection.2.3.3}{Richiesta di accesso}{section.2.3}% 28
\BOOKMARK [2][-]{subsection.2.3.4}{Rilascio della risorsa}{section.2.3}% 29
\BOOKMARK [2][-]{subsection.2.3.5}{Scheduling}{section.2.3}% 30
\BOOKMARK [2][-]{subsection.2.3.6}{Context switch}{section.2.3}% 31
\BOOKMARK [2][-]{subsection.2.3.7}{Esempio di esecuzione}{section.2.3}% 32
\BOOKMARK [0][-]{chapter.3}{Esperimenti e valutazioni}{}% 33
\BOOKMARK [1][-]{section.3.1}{Ambiente di esecuzione}{chapter.3}% 34
\BOOKMARK [2][-]{subsection.3.1.1}{Generazione ed esecuzione degli esperimenti}{section.3.1}% 35
\BOOKMARK [1][-]{section.3.2}{Confronto tra protocolli}{chapter.3}% 36
\BOOKMARK [2][-]{subsection.3.2.1}{Esperimento \0431}{section.3.2}% 37
\BOOKMARK [2][-]{subsection.3.2.2}{Configurazione}{section.3.2}% 38
\BOOKMARK [2][-]{subsection.3.2.3}{Obiettivo}{section.3.2}% 39
\BOOKMARK [2][-]{subsection.3.2.4}{Risultati esperimento \0431}{section.3.2}% 40
\BOOKMARK [2][-]{subsection.3.2.5}{Considerazioni}{section.3.2}% 41
\BOOKMARK [1][-]{section.3.3}{Calcolo degli overhead}{chapter.3}% 42
\BOOKMARK [2][-]{subsection.3.3.1}{Esperimento \0432}{section.3.3}% 43
\BOOKMARK [2][-]{subsection.3.3.2}{Configurazione}{section.3.3}% 44
\BOOKMARK [2][-]{subsection.3.3.3}{Obiettivo}{section.3.3}% 45
\BOOKMARK [2][-]{subsection.3.3.4}{Risultati esperimento \0432}{section.3.3}% 46
\BOOKMARK [2][-]{subsection.3.3.5}{Considerazioni}{section.3.3}% 47
\BOOKMARK [1][-]{section.3.4}{Impatto in assenza di risorsa globale}{chapter.3}% 48
\BOOKMARK [2][-]{subsection.3.4.1}{Esperimento \0433}{section.3.4}% 49
\BOOKMARK [2][-]{subsection.3.4.2}{Configurazione}{section.3.4}% 50
\BOOKMARK [2][-]{subsection.3.4.3}{Obiettivo}{section.3.4}% 51
\BOOKMARK [2][-]{subsection.3.4.4}{Risultati esperimento \0433}{section.3.4}% 52
\BOOKMARK [2][-]{subsection.3.4.5}{Considerazioni}{section.3.4}% 53
\BOOKMARK [0][-]{chapter.4}{Conclusioni}{}% 54
\BOOKMARK [1][-]{section.4.1}{Sviluppi futuri}{chapter.4}% 55
\BOOKMARK [0][-]{section*.77}{Appendices}{}% 56
\BOOKMARK [0][-]{Appendice.1.A}{LITMUSRT}{}% 57
\BOOKMARK [0][-]{Appendice.1.B}{Librerie user-space}{}% 58
\BOOKMARK [0][-]{Appendice.1.C}{TRACE\(\) e Feather-Trace}{}% 59
\BOOKMARK [1][-]{section.1.C.1}{TRACE\(\)}{Appendice.1.C}% 60
\BOOKMARK [1][-]{section.1.C.2}{Feather-Trace}{Appendice.1.C}% 61
\BOOKMARK [0][-]{Appendice.1.D}{experiment-scripts}{}% 62
\BOOKMARK [0][-]{lstnumber.-11.12}{Bibliography}{}% 63
